0 verbose cli /Users/salvadoraguilar/.nvm/versions/node/v22.22.0/bin/node /Users/salvadoraguilar/.nvm/versions/node/v22.22.0/bin/npm
1 info using npm@11.11.1
2 info using node@v22.22.0
3 silly config load:file:/Users/salvadoraguilar/.nvm/versions/node/v22.22.0/lib/node_modules/npm/npmrc
4 silly config load:file:/Users/salvadoraguilar/Downloads/ECODIGITAL/.npmrc
5 silly config load:file:/Users/salvadoraguilar/.npmrc
6 silly config load:file:/opt/homebrew/etc/npmrc
7 verbose title npm ls @scarf/scarf
8 verbose argv "ls" "@scarf/scarf" "--json" "--long"
9 verbose logfile logs-max:10 dir:/Users/salvadoraguilar/Downloads/ECODIGITAL/.npm_cache/_logs/2026-03-16T23_17_13_354Z-
10 verbose logfile /Users/salvadoraguilar/Downloads/ECODIGITAL/.npm_cache/_logs/2026-03-16T23_17_13_354Z-debug-0.log
11 warn Unknown project config "shell-emulator". This will stop working in the next major version of npm. See `npm help npmrc` for supported config options.
12 warn Unknown project config "electron_mirror". This will stop working in the next major version of npm. See `npm help npmrc` for supported config options.
13 silly logfile done cleaning log files
14 silly packumentCache heap:2197815296 maxSize:549453824 maxEntrySize:274726912
15 verbose cwd /Users/salvadoraguilar/Downloads/ECODIGITAL
16 verbose os Darwin 25.3.0
17 verbose node v22.22.0
18 verbose npm  v11.11.1
19 verbose exit 0
20 info ok
21 error A complete log of this run can be found in: /Users/salvadoraguilar/Downloads/ECODIGITAL/.npm_cache/_logs/2026-03-16T23_17_13_354Z-debug-0.log
